<?xml version="1.0" encoding="UTF-8"?>
<!-- Generated by org.testng.reporters.JUnitXMLReporter -->
<testsuite hostname="LAPTOP-5PE4UGBV" name="CRMPRO-Test" tests="5" failures="0" timestamp="31 Oct 2018 14:16:39 GMT" time="10.936" errors="0">
  <testcase name="@BeforeTest startBrowser" time="0.0" classname="com.crmpro.qa.TestCases.HomePageTest">
    <failure type="org.openqa.selenium.WebDriverException" message="Unable to parse remote response: Unknown error">
      <![CDATA[org.openqa.selenium.WebDriverException: Unable to parse remote response: Unknown error
	at org.openqa.selenium.remote.ProtocolHandshake.createSession(ProtocolHandshake.java:111)
	at org.openqa.selenium.remote.ProtocolHandshake.createSession(ProtocolHandshake.java:73)
	at org.openqa.selenium.remote.HttpCommandExecutor.execute(HttpCommandExecutor.java:136)
	at org.openqa.selenium.remote.service.DriverCommandExecutor.execute(DriverCommandExecutor.java:83)
	at org.openqa.selenium.remote.RemoteWebDriver.execute(RemoteWebDriver.java:548)
	at org.openqa.selenium.remote.RemoteWebDriver.startSession(RemoteWebDriver.java:212)
	at org.openqa.selenium.remote.RemoteWebDriver.<init>(RemoteWebDriver.java:130)
	at org.openqa.selenium.edge.EdgeDriver.<init>(EdgeDriver.java:141)
	at org.openqa.selenium.edge.EdgeDriver.<init>(EdgeDriver.java:96)
	at com.crmpro.qa.Base.TestBase.StartBrowser(TestBase.java:52)
	at com.crmpro.qa.TestCases.LoginPageTest.startBrowser(LoginPageTest.java:24)
Caused by: org.openqa.selenium.json.JsonException: Unable to determine type from: U. Last 1 characters read: U
Build info: version: '3.14.0', revision: 'aacccce0', time: '2018-08-02T20:19:58.91Z'
System info: host: 'LAPTOP-5PE4UGBV', ip: '192.168.43.167', os.name: 'Windows 10', os.arch: 'amd64', os.version: '10.0', java.version: '1.8.0_121'
Driver info: driver.version: EdgeDriver
	at org.openqa.selenium.json.JsonInput.peek(JsonInput.java:121)
	at org.openqa.selenium.json.JsonTypeCoercer.lambda$null$6(JsonTypeCoercer.java:137)
	at org.openqa.selenium.json.JsonTypeCoercer.coerce(JsonTypeCoercer.java:123)
	at org.openqa.selenium.json.Json.toType(Json.java:60)
	at org.openqa.selenium.json.Json.toType(Json.java:50)
	at org.openqa.selenium.remote.ProtocolHandshake.createSession(ProtocolHandshake.java:108)
	... 32 more
... Removed 22 stack frames]]>
    </failure>
  </testcase> <!-- @BeforeTest startBrowser -->
  <testcase name="@AfterTest logout" time="0.0" classname="com.crmpro.qa.TestCases.HomePageTest">
    <skipped/>
  </testcase> <!-- @AfterTest logout -->
  <testcase name="@AfterTest tearDown" time="0.0" classname="com.crmpro.qa.TestCases.HomePageTest">
    <skipped/>
  </testcase> <!-- @AfterTest tearDown -->
  <testcase name="validateLoginPageTitle" time="0.002" classname="com.crmpro.qa.TestCases.LoginPageTest">
    <skipped/>
  </testcase> <!-- validateLoginPageTitle -->
  <testcase name="validateLoginPageLOGO" time="0.002" classname="com.crmpro.qa.TestCases.LoginPageTest">
    <skipped/>
  </testcase> <!-- validateLoginPageLOGO -->
  <testcase name="validLogin" time="0.005" classname="com.crmpro.qa.TestCases.LoginPageTest">
    <skipped/>
  </testcase> <!-- validLogin -->
  <testcase name="verifyCRMPROlogoText" time="0.002" classname="com.crmpro.qa.TestCases.HomePageTest">
    <skipped/>
  </testcase> <!-- verifyCRMPROlogoText -->
  <testcase name="verifyHomePageTitle" time="0.001" classname="com.crmpro.qa.TestCases.HomePageTest">
    <skipped/>
  </testcase> <!-- verifyHomePageTitle -->
</testsuite> <!-- CRMPRO-Test -->
