<?xml version="1.0" encoding="UTF-8"?>
<!-- Generated by org.testng.reporters.JUnitXMLReporter -->
<testsuite hostname="LAPTOP-5PE4UGBV" name="Command line test" tests="6" failures="0" timestamp="4 Nov 2018 06:12:16 GMT" time="39.609" errors="0">
  <testcase name="@BeforeClass startBrowser" time="0.0" classname="com.crmpro.qa.TestCases.HomePageTest">
    <failure type="org.testng.TestNGException" message="
Parameter &amp;apos;Username&amp;apos; is required by @Configuration on method startBrowser but has not been marked @Optional or defined
">
      <![CDATA[org.testng.TestNGException: 
Parameter 'Username' is required by @Configuration on method startBrowser but has not been marked @Optional or defined

	at org.apache.maven.surefire.testng.TestNGExecutor.run(TestNGExecutor.java:77)
	at org.apache.maven.surefire.testng.TestNGDirectoryTestSuite.executeMulti(TestNGDirectoryTestSuite.java:159)
	at org.apache.maven.surefire.testng.TestNGDirectoryTestSuite.execute(TestNGDirectoryTestSuite.java:99)
	at org.apache.maven.surefire.testng.TestNGProvider.invoke(TestNGProvider.java:106)
	at org.apache.maven.surefire.util.ReflectionUtils.invokeMethodWithArray(ReflectionUtils.java:189)
	at org.apache.maven.surefire.booter.ProviderFactory$ProviderProxy.invoke(ProviderFactory.java:165)
	at org.apache.maven.surefire.booter.ProviderFactory.invokeProvider(ProviderFactory.java:85)
	at org.apache.maven.surefire.booter.ForkedBooter.runSuitesInProcess(ForkedBooter.java:115)
	at org.apache.maven.surefire.booter.ForkedBooter.main(ForkedBooter.java:75)
... Removed 22 stack frames]]>
    </failure>
  </testcase> <!-- @BeforeClass startBrowser -->
  <testcase name="@AfterClass logout" time="0.0" classname="com.crmpro.qa.TestCases.HomePageTest">
    <skipped/>
  </testcase> <!-- @AfterClass logout -->
  <testcase name="getValue" time="1.552" classname="com.crmpro.qa.TestCases.ContactsPageTest"/>
  <testcase name="verifyHomePageTitle" time="0.001" classname="com.crmpro.qa.TestCases.HomePageTest">
    <skipped/>
  </testcase> <!-- verifyHomePageTitle -->
  <testcase name="validateLoginPageTitle" time="4.35" classname="com.crmpro.qa.TestCases.LoginPageTest"/>
  <testcase name="verifyCRMPROlogoText" time="0.001" classname="com.crmpro.qa.TestCases.HomePageTest">
    <skipped/>
  </testcase> <!-- verifyCRMPROlogoText -->
  <testcase name="validateLoginPageLOGO" time="0.354" classname="com.crmpro.qa.TestCases.LoginPageTest"/>
  <testcase name="validLogin" time="7.489" classname="com.crmpro.qa.TestCases.LoginPageTest"/>
</testsuite> <!-- Command line test -->
